2017-11-01T05:20:43.210Z - [32minfo[39m: [SERVER] Wiki.js is initializing...
2017-11-01T05:20:43.351Z - [32minfo[39m: [SERVER] Checking data directories...
2017-11-01T05:20:43.353Z - [32minfo[39m: [SERVER] Data and Repository directories are OK.
2017-11-01T05:20:43.617Z - [32minfo[39m: [SERVER] Checking Git repository...
2017-11-01T05:20:44.702Z - [32minfo[39m: [SERVER] Starting HTTP/WS server on port 80...
2017-11-01T05:20:44.721Z - [32minfo[39m: [SERVER] HTTP/WS server started successfully! [RUNNING]
2017-11-01T05:20:44.881Z - [32minfo[39m: [SERVER] Search index flushed and ready.
2017-11-01T05:20:44.975Z - [32minfo[39m: [SERVER] Git repository is OK.
2017-11-01T05:20:45.061Z - [32minfo[39m: [AGENT] Background Agent is initializing...
2017-11-01T05:20:45.701Z - [32minfo[39m: [AGENT] Checking Git repository...
2017-11-01T05:20:46.447Z - [32minfo[39m: [AGENT] Git repository is OK.
2017-11-01T05:20:46.665Z - [32minfo[39m: [AGENT] Running all jobs...
2017-11-01T05:20:46.665Z - [32minfo[39m: [AGENT] Performing pull from remote Git repository...
2017-11-01T05:20:46.929Z - [32minfo[39m: [AGENT] Git Pull completed.
2017-11-01T05:20:46.934Z - [32minfo[39m: [AGENT] Performing push to remote Git repository...
2017-11-01T05:20:48.850Z - [32minfo[39m: [AGENT] Git Push completed.
2017-11-01T05:20:49.037Z - [32minfo[39m: [AGENT] All jobs completed successfully! Going to sleep for now.
2017-11-01T05:25:00.099Z - [32minfo[39m: [AGENT] Running all jobs...
2017-11-01T05:25:00.099Z - [32minfo[39m: [AGENT] Performing pull from remote Git repository...
2017-11-01T05:25:00.373Z - [32minfo[39m: [AGENT] Git Pull completed.
2017-11-01T05:25:00.377Z - [32minfo[39m: [AGENT] Performing push to remote Git repository...
2017-11-01T05:25:02.744Z - [32minfo[39m: [AGENT] Git Push completed.
2017-11-01T05:25:02.753Z - [32minfo[39m: [AGENT] All jobs completed successfully! Going to sleep for now.
2017-11-01T05:30:00.102Z - [32minfo[39m: [AGENT] Running all jobs...
2017-11-01T05:30:00.103Z - [32minfo[39m: [AGENT] Performing pull from remote Git repository...
2017-11-01T05:30:00.434Z - [32minfo[39m: [AGENT] Git Pull completed.
2017-11-01T05:30:00.437Z - [32minfo[39m: [AGENT] Git Push skipped. Repository is already in sync.
2017-11-01T05:30:00.446Z - [32minfo[39m: [AGENT] All jobs completed successfully! Going to sleep for now.
2017-11-01T05:35:00.103Z - [32minfo[39m: [AGENT] Running all jobs...
2017-11-01T05:35:00.103Z - [32minfo[39m: [AGENT] Performing pull from remote Git repository...
2017-11-01T05:35:00.429Z - [32minfo[39m: [AGENT] Git Pull completed.
2017-11-01T05:35:00.434Z - [32minfo[39m: [AGENT] Git Push skipped. Repository is already in sync.
2017-11-01T05:35:00.451Z - [32minfo[39m: [AGENT] All jobs completed successfully! Going to sleep for now.
